<?xml version="1.0" encoding="UTF-8"?>
<!-- Generated by org.testng.reporters.JUnitReportReporter -->
<testsuite skipped="0" hostname="CACDTL04AJ821G" name="com.testpackage.PlaindromeTest" tests="4" failures="0" timestamp="28 Dec 2018 01:58:30 GMT" time="5.573" errors="0">
  <testcase name="launchApp" time="0.006" classname="com.testpackage.PlaindromeTest"/>
  <testcase name="loginTest" time="2.574" classname="com.testpackage.PlaindromeTest"/>
  <testcase name="homePage" time="0.001" classname="com.testpackage.PlaindromeTest"/>
  <testcase name="countingNumOfPalindromes" time="2.992" classname="com.testpackage.PlaindromeTest"/>
</testsuite> <!-- com.testpackage.PlaindromeTest -->
