<?xml version="1.0" encoding="UTF-8"?>
<!-- Generated by org.testng.reporters.JUnitReportReporter -->
<testsuite skipped="0" hostname="CACDTL04AJ821G" name="com.palindromevalidation.HomePageElements" tests="3" failures="0" timestamp="29 Dec 2018 04:19:43 GMT" time="3.752" errors="0">
  <testcase name="countNumberofPlaindromes" time="0.005" classname="com.palindromevalidation.HomePageElements"/>
  <testcase name="printingPalindromes" time="0.007" classname="com.palindromevalidation.HomePageElements"/>
  <testcase name="getAllElementsOnHomePage" time="3.740" classname="com.palindromevalidation.HomePageElements"/>
</testsuite> <!-- com.palindromevalidation.HomePageElements -->
