<?xml version="1.0" encoding="UTF-8"?>
<!-- Generated by org.testng.reporters.JUnitReportReporter -->
<testsuite skipped="0" hostname="CACDTL04AJ821G" name="com.loginpackage.LoginTest" tests="7" failures="0" timestamp="29 Dec 2018 04:19:43 GMT" time="63.456" errors="0">
  <testcase name="loginTest" time="8.838" classname="com.loginpackage.LoginTest"/>
  <testcase name="loginTest" time="9.088" classname="com.loginpackage.LoginTest"/>
  <testcase name="loginTest" time="9.570" classname="com.loginpackage.LoginTest"/>
  <testcase name="loginTest" time="9.116" classname="com.loginpackage.LoginTest"/>
  <testcase name="loginTest" time="8.901" classname="com.loginpackage.LoginTest"/>
  <testcase name="loginTest" time="8.781" classname="com.loginpackage.LoginTest"/>
  <testcase name="loginTest" time="9.162" classname="com.loginpackage.LoginTest"/>
</testsuite> <!-- com.loginpackage.LoginTest -->
