<?xml version="1.0" encoding="UTF-8"?>
<!-- Generated by org.testng.reporters.JUnitReportReporter -->
<testsuite skipped="0" hostname="CACDTL04AJ821G" name="com.testpackage.TestClass" tests="1" failures="0" timestamp="26 Dec 2018 19:17:54 GMT" time="0.003" errors="0">
  <testcase name="LoginTest" time="0.003" classname="com.testpackage.TestClass"/>
</testsuite> <!-- com.testpackage.TestClass -->
