<?xml version="1.0" encoding="UTF-8"?>
<!-- Generated by org.testng.reporters.JUnitReportReporter -->
<testsuite skipped="0" hostname="CACDTL04AJ821G" name="com.testpackage.LoginTest" tests="4" failures="0" timestamp="29 Dec 2018 02:45:04 GMT" time="42.812" errors="0">
  <testcase name="loginTest" time="11.709" classname="com.testpackage.LoginTest"/>
  <testcase name="loginTest" time="9.824" classname="com.testpackage.LoginTest"/>
  <testcase name="loginTest" time="11.064" classname="com.testpackage.LoginTest"/>
  <testcase name="loginTest" time="10.215" classname="com.testpackage.LoginTest"/>
</testsuite> <!-- com.testpackage.LoginTest -->
